INFO:root:Preparing task folder...
INFO:root:Task folder prepared at: api/sweet_suit/temp_process_task_files/upper/20241030180025150495
INFO:root:File saved successfully: api/sweet_suit/temp_process_task_files/upper/20241030180025150495/image_front.jpg
INFO:root:File saved successfully: api/sweet_suit/temp_process_task_files/upper/20241030180025150495/image_side.jpg
INFO:root:File saved successfully: api/sweet_suit/temp_process_task_files/upper/20241030180025150495/depth_front.json
INFO:root:File saved successfully: api/sweet_suit/temp_process_task_files/upper/20241030180025150495/depth_side.json
ERROR:root:An error occurred: can't multiply sequence by non-int of type 'float'
DEBUG:asyncio:Using selector: EpollSelector
DEBUG:asyncio:Using selector: EpollSelector
DEBUG:python_multipart.multipart:Calling on_part_begin with no data
DEBUG:python_multipart.multipart:Calling on_header_field with data[42:61]
DEBUG:python_multipart.multipart:Calling on_header_value with data[63:129]
DEBUG:python_multipart.multipart:Calling on_header_end with no data
DEBUG:python_multipart.multipart:Calling on_header_field with data[131:143]
DEBUG:python_multipart.multipart:Calling on_header_value with data[145:155]
DEBUG:python_multipart.multipart:Calling on_header_end with no data
DEBUG:python_multipart.multipart:Calling on_headers_finished with no data
DEBUG:python_multipart.multipart:Calling on_part_data with data[159:11584]
DEBUG:python_multipart.multipart:Calling on_part_data with data[0:1448]
DEBUG:python_multipart.multipart:Calling on_part_data with data[0:1448]
DEBUG:python_multipart.multipart:Calling on_part_data with data[0:10136]
DEBUG:python_multipart.multipart:Calling on_part_data with data[0:15928]
DEBUG:python_multipart.multipart:Calling on_part_data with data[0:1448]
DEBUG:python_multipart.multipart:Calling on_part_data with data[0:10136]
DEBUG:python_multipart.multipart:Calling on_part_data with data[0:34752]
DEBUG:python_multipart.multipart:Calling on_part_data with data[0:1448]
DEBUG:python_multipart.multipart:Calling on_part_data with data[0:13032]
DEBUG:python_multipart.multipart:Calling on_part_data with data[0:46336]
DEBUG:python_multipart.multipart:Calling on_part_data with data[0:13032]
DEBUG:python_multipart.multipart:Calling on_part_data with data[0:23168]
DEBUG:python_multipart.multipart:Calling on_part_data with data[0:4344]
DEBUG:python_multipart.multipart:Calling on_part_data with data[0:1448]
DEBUG:python_multipart.multipart:Calling on_part_data with data[0:11584]
DEBUG:python_multipart.multipart:Calling on_part_data with data[0:18824]
DEBUG:python_multipart.multipart:Calling on_part_data with data[0:18824]
DEBUG:python_multipart.multipart:Calling on_part_data with data[0:13032]
DEBUG:python_multipart.multipart:Calling on_part_data with data[0:30408]
DEBUG:python_multipart.multipart:Calling on_part_data with data[0:43440]
DEBUG:python_multipart.multipart:Calling on_part_data with data[0:44888]
DEBUG:python_multipart.multipart:Calling on_part_data with data[0:14480]
DEBUG:python_multipart.multipart:Calling on_part_data with data[0:1448]
DEBUG:python_multipart.multipart:Calling on_part_data with data[0:11584]
DEBUG:python_multipart.multipart:Calling on_part_data with data[0:36200]
DEBUG:python_multipart.multipart:Calling on_part_data with data[0:1448]
DEBUG:python_multipart.multipart:Calling on_part_data with data[0:11584]
DEBUG:python_multipart.multipart:Calling on_part_data with data[0:44888]
DEBUG:python_multipart.multipart:Calling on_part_data with data[0:44888]
DEBUG:python_multipart.multipart:Calling on_part_data with data[0:46336]
DEBUG:python_multipart.multipart:Calling on_part_data with data[0:43440]
DEBUG:python_multipart.multipart:Calling on_part_data with data[0:23168]
DEBUG:python_multipart.multipart:Calling on_part_data with data[0:44888]
DEBUG:python_multipart.multipart:Calling on_part_data with data[0:44888]
DEBUG:python_multipart.multipart:Calling on_part_data with data[0:43440]
DEBUG:python_multipart.multipart:Calling on_part_data with data[0:44888]
DEBUG:python_multipart.multipart:Calling on_part_data with data[0:1448]
DEBUG:python_multipart.multipart:Calling on_part_data with data[0:1448]
DEBUG:python_multipart.multipart:Calling on_part_data with data[0:15928]
DEBUG:python_multipart.multipart:Calling on_part_data with data[0:27512]
DEBUG:python_multipart.multipart:Calling on_part_data with data[0:21720]
DEBUG:python_multipart.multipart:Calling on_part_data with data[0:46336]
DEBUG:python_multipart.multipart:Calling on_part_data with data[0:43440]
DEBUG:python_multipart.multipart:Calling on_part_data with data[0:44888]
DEBUG:python_multipart.multipart:Calling on_part_data with data[0:44888]
DEBUG:python_multipart.multipart:Calling on_part_data with data[0:136112]
DEBUG:python_multipart.multipart:Calling on_part_data with data[0:262144]
DEBUG:python_multipart.multipart:Calling on_part_data with data[0:86824]
DEBUG:python_multipart.multipart:Calling on_part_data with data[0:52128]
DEBUG:python_multipart.multipart:Calling on_part_data with data[0:1448]
DEBUG:python_multipart.multipart:Calling on_part_data with data[0:23168]
DEBUG:python_multipart.multipart:Calling on_part_data with data[0:43440]
DEBUG:python_multipart.multipart:Calling on_part_data with data[0:44888]
DEBUG:python_multipart.multipart:Calling on_part_data with data[0:44888]
DEBUG:python_multipart.multipart:Calling on_part_data with data[0:46336]
DEBUG:python_multipart.multipart:Calling on_part_data with data[0:46336]
DEBUG:python_multipart.multipart:Calling on_part_data with data[0:20272]
DEBUG:python_multipart.multipart:Calling on_part_data with data[0:44888]
DEBUG:python_multipart.multipart:Calling on_part_data with data[0:14480]
DEBUG:python_multipart.multipart:Calling on_part_data with data[0:10136]
DEBUG:python_multipart.multipart:Calling on_part_data with data[0:18824]
DEBUG:python_multipart.multipart:Calling on_part_data with data[0:44888]
DEBUG:python_multipart.multipart:Calling on_part_data with data[0:44888]
DEBUG:python_multipart.multipart:Calling on_part_data with data[0:44888]
DEBUG:python_multipart.multipart:Calling on_part_data with data[0:46336]
DEBUG:python_multipart.multipart:Calling on_part_data with data[0:20272]
DEBUG:python_multipart.multipart:Calling on_part_data with data[0:44888]
DEBUG:python_multipart.multipart:Calling on_part_data with data[0:44888]
DEBUG:python_multipart.multipart:Calling on_part_data with data[0:46336]
DEBUG:python_multipart.multipart:Calling on_part_data with data[0:43440]
DEBUG:python_multipart.multipart:Calling on_part_data with data[0:44888]
DEBUG:python_multipart.multipart:Calling on_part_data with data[0:23168]
DEBUG:python_multipart.multipart:Calling on_part_data with data[0:44888]
DEBUG:python_multipart.multipart:Calling on_part_data with data[0:44888]
DEBUG:python_multipart.multipart:Calling on_part_data with data[0:44888]
DEBUG:python_multipart.multipart:Calling on_part_data with data[0:44888]
DEBUG:python_multipart.multipart:Calling on_part_data with data[0:21720]
DEBUG:python_multipart.multipart:Calling on_part_data with data[0:46336]
DEBUG:python_multipart.multipart:Calling on_part_data with data[0:43440]
DEBUG:python_multipart.multipart:Calling on_part_data with data[0:44888]
DEBUG:python_multipart.multipart:Calling on_part_data with data[0:36200]
DEBUG:python_multipart.multipart:Calling on_part_data with data[0:10136]
DEBUG:python_multipart.multipart:Calling on_part_data with data[0:13032]
DEBUG:python_multipart.multipart:Calling on_part_data with data[0:44888]
DEBUG:python_multipart.multipart:Calling on_part_data with data[0:44888]
DEBUG:python_multipart.multipart:Calling on_part_data with data[0:46336]
DEBUG:python_multipart.multipart:Calling on_part_data with data[0:20272]
DEBUG:python_multipart.multipart:Calling on_part_data with data[0:44888]
DEBUG:python_multipart.multipart:Calling on_part_data with data[0:44888]
DEBUG:python_multipart.multipart:Calling on_part_data with data[0:46336]
DEBUG:python_multipart.multipart:Calling on_part_data with data[0:43440]
DEBUG:python_multipart.multipart:Calling on_part_data with data[0:43440]
DEBUG:python_multipart.multipart:Calling on_part_data with data[0:1448]
DEBUG:python_multipart.multipart:Calling on_part_data with data[0:21720]
DEBUG:python_multipart.multipart:Calling on_part_data with data[0:21720]
DEBUG:python_multipart.multipart:Calling on_part_data with data[0:44888]
DEBUG:python_multipart.multipart:Calling on_part_data with data[0:46336]
DEBUG:python_multipart.multipart:Calling on_part_data with data[0:20272]
DEBUG:python_multipart.multipart:Calling on_part_data with data[0:27311]
DEBUG:python_multipart.multipart:Calling on_part_end with no data
DEBUG:python_multipart.multipart:Calling on_part_begin with no data
DEBUG:python_multipart.multipart:Calling on_header_field with data[27355:27374]
DEBUG:python_multipart.multipart:Calling on_header_value with data[27376:27440]
DEBUG:python_multipart.multipart:Calling on_header_end with no data
DEBUG:python_multipart.multipart:Calling on_header_field with data[27442:27454]
DEBUG:python_multipart.multipart:Calling on_header_value with data[27456:27466]
DEBUG:python_multipart.multipart:Calling on_header_end with no data
DEBUG:python_multipart.multipart:Calling on_headers_finished with no data
DEBUG:python_multipart.multipart:Calling on_part_data with data[27470:44888]
DEBUG:python_multipart.multipart:Calling on_part_data with data[0:262144]
DEBUG:python_multipart.multipart:Calling on_part_data with data[0:211352]
DEBUG:python_multipart.multipart:Calling on_part_data with data[0:43440]
DEBUG:python_multipart.multipart:Calling on_part_data with data[0:44888]
DEBUG:python_multipart.multipart:Calling on_part_data with data[0:23168]
DEBUG:python_multipart.multipart:Calling on_part_data with data[0:2896]
DEBUG:python_multipart.multipart:Calling on_part_data with data[0:5792]
DEBUG:python_multipart.multipart:Calling on_part_data with data[0:5792]
DEBUG:python_multipart.multipart:Calling on_part_data with data[0:31856]
DEBUG:python_multipart.multipart:Calling on_part_data with data[0:21720]
DEBUG:python_multipart.multipart:Calling on_part_data with data[0:46336]
DEBUG:python_multipart.multipart:Calling on_part_data with data[0:43440]
DEBUG:python_multipart.multipart:Calling on_part_data with data[0:44888]
DEBUG:python_multipart.multipart:Calling on_part_data with data[0:23168]
DEBUG:python_multipart.multipart:Calling on_part_data with data[0:44888]
DEBUG:python_multipart.multipart:Calling on_part_data with data[0:44888]
DEBUG:python_multipart.multipart:Calling on_part_data with data[0:44888]
DEBUG:python_multipart.multipart:Calling on_part_data with data[0:43440]
DEBUG:python_multipart.multipart:Calling on_part_data with data[0:46336]
DEBUG:python_multipart.multipart:Calling on_part_data with data[0:88328]
DEBUG:python_multipart.multipart:Calling on_part_data with data[0:46336]
DEBUG:python_multipart.multipart:Calling on_part_data with data[0:44888]
DEBUG:python_multipart.multipart:Calling on_part_data with data[0:23168]
DEBUG:python_multipart.multipart:Calling on_part_data with data[0:43440]
DEBUG:python_multipart.multipart:Calling on_part_data with data[0:44888]
DEBUG:python_multipart.multipart:Calling on_part_data with data[0:44888]
DEBUG:python_multipart.multipart:Calling on_part_data with data[0:46336]
DEBUG:python_multipart.multipart:Calling on_part_data with data[0:43440]
DEBUG:python_multipart.multipart:Calling on_part_data with data[0:21720]
DEBUG:python_multipart.multipart:Calling on_part_data with data[0:44888]
DEBUG:python_multipart.multipart:Calling on_part_data with data[0:46336]
DEBUG:python_multipart.multipart:Calling on_part_data with data[0:43440]
DEBUG:python_multipart.multipart:Calling on_part_data with data[0:23168]
DEBUG:python_multipart.multipart:Calling on_part_data with data[0:44888]
DEBUG:python_multipart.multipart:Calling on_part_data with data[0:44888]
DEBUG:python_multipart.multipart:Calling on_part_data with data[0:46336]
DEBUG:python_multipart.multipart:Calling on_part_data with data[0:43440]
DEBUG:python_multipart.multipart:Calling on_part_data with data[0:44888]
DEBUG:python_multipart.multipart:Calling on_part_data with data[0:21720]
DEBUG:python_multipart.multipart:Calling on_part_data with data[0:46336]
DEBUG:python_multipart.multipart:Calling on_part_data with data[0:43440]
DEBUG:python_multipart.multipart:Calling on_part_data with data[0:44888]
DEBUG:python_multipart.multipart:Calling on_part_data with data[0:44888]
DEBUG:python_multipart.multipart:Calling on_part_data with data[0:23168]
DEBUG:python_multipart.multipart:Calling on_part_data with data[0:23168]
DEBUG:python_multipart.multipart:Calling on_part_data with data[0:23168]
DEBUG:python_multipart.multipart:Calling on_part_data with data[0:43440]
DEBUG:python_multipart.multipart:Calling on_part_data with data[0:21720]
DEBUG:python_multipart.multipart:Calling on_part_data with data[0:23168]
DEBUG:python_multipart.multipart:Calling on_part_data with data[0:21720]
DEBUG:python_multipart.multipart:Calling on_part_data with data[0:46336]
DEBUG:python_multipart.multipart:Calling on_part_data with data[0:43440]
DEBUG:python_multipart.multipart:Calling on_part_data with data[0:44888]
DEBUG:python_multipart.multipart:Calling on_part_data with data[0:44888]
DEBUG:python_multipart.multipart:Calling on_part_data with data[0:23168]
DEBUG:python_multipart.multipart:Calling on_part_data with data[0:23168]
DEBUG:python_multipart.multipart:Calling on_part_data with data[0:43440]
DEBUG:python_multipart.multipart:Calling on_part_data with data[0:23168]
DEBUG:python_multipart.multipart:Calling on_part_data with data[0:21720]
DEBUG:python_multipart.multipart:Calling on_part_data with data[0:44888]
DEBUG:python_multipart.multipart:Calling on_part_data with data[0:46336]
DEBUG:python_multipart.multipart:Calling on_part_data with data[0:20272]
DEBUG:python_multipart.multipart:Calling on_part_data with data[0:46336]
DEBUG:python_multipart.multipart:Calling on_part_data with data[0:43440]
DEBUG:python_multipart.multipart:Calling on_part_data with data[0:43440]
DEBUG:python_multipart.multipart:Calling on_part_data with data[0:43440]
DEBUG:python_multipart.multipart:Calling on_part_data with data[0:44888]
DEBUG:python_multipart.multipart:Calling on_part_data with data[0:44888]
DEBUG:python_multipart.multipart:Calling on_part_data with data[0:23168]
DEBUG:python_multipart.multipart:Calling on_part_data with data[0:46336]
DEBUG:python_multipart.multipart:Calling on_part_data with data[0:43440]
DEBUG:python_multipart.multipart:Calling on_part_data with data[0:44888]
DEBUG:python_multipart.multipart:Calling on_part_data with data[0:44888]
DEBUG:python_multipart.multipart:Calling on_part_data with data[0:46336]
DEBUG:python_multipart.multipart:Calling on_part_data with data[0:4344]
DEBUG:python_multipart.multipart:Calling on_part_data with data[0:1448]
DEBUG:python_multipart.multipart:Calling on_part_data with data[0:20272]
DEBUG:python_multipart.multipart:Calling on_part_data with data[0:43440]
DEBUG:python_multipart.multipart:Calling on_part_data with data[0:20272]
DEBUG:python_multipart.multipart:Calling on_part_data with data[0:23168]
DEBUG:python_multipart.multipart:Calling on_part_data with data[0:44888]
DEBUG:python_multipart.multipart:Calling on_part_data with data[0:21720]
DEBUG:python_multipart.multipart:Calling on_part_data with data[0:46336]
DEBUG:python_multipart.multipart:Calling on_part_data with data[0:16752]
DEBUG:python_multipart.multipart:Calling on_part_end with no data
DEBUG:python_multipart.multipart:Calling on_part_begin with no data
DEBUG:python_multipart.multipart:Calling on_header_field with data[16796:16815]
DEBUG:python_multipart.multipart:Calling on_header_value with data[16817:16883]
DEBUG:python_multipart.multipart:Calling on_header_end with no data
DEBUG:python_multipart.multipart:Calling on_header_field with data[16885:16897]
DEBUG:python_multipart.multipart:Calling on_header_value with data[16899:16915]
DEBUG:python_multipart.multipart:Calling on_header_end with no data
DEBUG:python_multipart.multipart:Calling on_headers_finished with no data
DEBUG:python_multipart.multipart:Calling on_part_data with data[16919:43440]
DEBUG:python_multipart.multipart:Calling on_part_data with data[0:262144]
DEBUG:python_multipart.multipart:Calling on_part_data with data[0:186736]
DEBUG:python_multipart.multipart:Calling on_part_data with data[0:45064]
DEBUG:python_multipart.multipart:Calling on_part_end with no data
DEBUG:python_multipart.multipart:Calling on_part_begin with no data
DEBUG:python_multipart.multipart:Calling on_header_field with data[45108:45127]
DEBUG:python_multipart.multipart:Calling on_header_value with data[45129:45189]
DEBUG:python_multipart.multipart:Calling on_header_end with no data
DEBUG:python_multipart.multipart:Calling on_header_field with data[45191:45203]
DEBUG:python_multipart.multipart:Calling on_header_value with data[45205:45221]
DEBUG:python_multipart.multipart:Calling on_header_end with no data
DEBUG:python_multipart.multipart:Calling on_headers_finished with no data
DEBUG:python_multipart.multipart:Calling on_part_data with data[45225:46336]
DEBUG:python_multipart.multipart:Calling on_part_data with data[0:211408]
DEBUG:python_multipart.multipart:Calling on_part_data with data[0:1448]
DEBUG:python_multipart.multipart:Calling on_part_data with data[0:10136]
DEBUG:python_multipart.multipart:Calling on_part_data with data[0:11584]
DEBUG:python_multipart.multipart:Calling on_part_data with data[0:44888]
DEBUG:python_multipart.multipart:Calling on_part_data with data[0:21720]
DEBUG:python_multipart.multipart:Calling on_part_data with data[0:46336]
DEBUG:python_multipart.multipart:Calling on_part_data with data[0:23168]
DEBUG:python_multipart.multipart:Calling on_part_data with data[0:43440]
DEBUG:python_multipart.multipart:Calling on_part_data with data[0:21720]
DEBUG:python_multipart.multipart:Calling on_part_data with data[0:44888]
DEBUG:python_multipart.multipart:Calling on_part_data with data[0:23168]
DEBUG:python_multipart.multipart:Calling on_part_data with data[0:13468]
DEBUG:python_multipart.multipart:Calling on_part_end with no data
DEBUG:python_multipart.multipart:Calling on_end with no data
INFO:root:Preparing task folder...
INFO:root:Task folder prepared at: api/sweet_suit/temp_process_task_files/upper/20241030180105783922
INFO:root:File saved successfully: api/sweet_suit/temp_process_task_files/upper/20241030180105783922/image_front.jpg
INFO:root:File saved successfully: api/sweet_suit/temp_process_task_files/upper/20241030180105783922/image_side.jpg
INFO:root:File saved successfully: api/sweet_suit/temp_process_task_files/upper/20241030180105783922/depth_front.json
INFO:root:File saved successfully: api/sweet_suit/temp_process_task_files/upper/20241030180105783922/depth_side.json
DEBUG:PIL.PngImagePlugin:STREAM b'IHDR' 16 13
DEBUG:PIL.PngImagePlugin:STREAM b'IDAT' 41 8192
DEBUG:PIL.PngImagePlugin:STREAM b'IHDR' 16 13
DEBUG:PIL.PngImagePlugin:STREAM b'IDAT' 41 8192
ERROR:root:An error occurred: can't multiply sequence by non-int of type 'float'
DEBUG:asyncio:Using selector: EpollSelector
DEBUG:asyncio:Using selector: EpollSelector
DEBUG:python_multipart.multipart:Calling on_part_begin with no data
DEBUG:python_multipart.multipart:Calling on_header_field with data[42:61]
DEBUG:python_multipart.multipart:Calling on_header_value with data[63:129]
DEBUG:python_multipart.multipart:Calling on_header_end with no data
DEBUG:python_multipart.multipart:Calling on_header_field with data[131:143]
DEBUG:python_multipart.multipart:Calling on_header_value with data[145:155]
DEBUG:python_multipart.multipart:Calling on_header_end with no data
DEBUG:python_multipart.multipart:Calling on_headers_finished with no data
DEBUG:python_multipart.multipart:Calling on_part_data with data[159:13032]
DEBUG:python_multipart.multipart:Calling on_part_data with data[0:1448]
DEBUG:python_multipart.multipart:Calling on_part_data with data[0:2896]
DEBUG:python_multipart.multipart:Calling on_part_data with data[0:20272]
DEBUG:python_multipart.multipart:Calling on_part_data with data[0:5792]
DEBUG:python_multipart.multipart:Calling on_part_data with data[0:2896]
DEBUG:python_multipart.multipart:Calling on_part_data with data[0:20272]
DEBUG:python_multipart.multipart:Calling on_part_data with data[0:23168]
DEBUG:python_multipart.multipart:Calling on_part_data with data[0:5792]
DEBUG:python_multipart.multipart:Calling on_part_data with data[0:10136]
DEBUG:python_multipart.multipart:Calling on_part_data with data[0:20272]
DEBUG:python_multipart.multipart:Calling on_part_data with data[0:23168]
DEBUG:python_multipart.multipart:Calling on_part_data with data[0:21720]
DEBUG:python_multipart.multipart:Calling on_part_data with data[0:23168]
DEBUG:python_multipart.multipart:Calling on_part_data with data[0:1448]
DEBUG:python_multipart.multipart:Calling on_part_data with data[0:21720]
DEBUG:python_multipart.multipart:Calling on_part_data with data[0:1448]
DEBUG:python_multipart.multipart:Calling on_part_data with data[0:21720]
DEBUG:python_multipart.multipart:Calling on_part_data with data[0:23168]
DEBUG:python_multipart.multipart:Calling on_part_data with data[0:40544]
DEBUG:python_multipart.multipart:Calling on_part_data with data[0:17376]
DEBUG:python_multipart.multipart:Calling on_part_data with data[0:44888]
DEBUG:python_multipart.multipart:Calling on_part_data with data[0:13032]
DEBUG:python_multipart.multipart:Calling on_part_data with data[0:1448]
DEBUG:python_multipart.multipart:Calling on_part_data with data[0:21720]
DEBUG:python_multipart.multipart:Calling on_part_data with data[0:23168]
DEBUG:python_multipart.multipart:Calling on_part_data with data[0:1448]
DEBUG:python_multipart.multipart:Calling on_part_data with data[0:21720]
DEBUG:python_multipart.multipart:Calling on_part_data with data[0:21720]
DEBUG:python_multipart.multipart:Calling on_part_data with data[0:46336]
DEBUG:python_multipart.multipart:Calling on_part_data with data[0:43440]
DEBUG:python_multipart.multipart:Calling on_part_data with data[0:23168]
DEBUG:python_multipart.multipart:Calling on_part_data with data[0:44888]
DEBUG:python_multipart.multipart:Calling on_part_data with data[0:44888]
DEBUG:python_multipart.multipart:Calling on_part_data with data[0:46336]
DEBUG:python_multipart.multipart:Calling on_part_data with data[0:20272]
DEBUG:python_multipart.multipart:Calling on_part_data with data[0:44888]
DEBUG:python_multipart.multipart:Calling on_part_data with data[0:39096]
DEBUG:python_multipart.multipart:Calling on_part_data with data[0:1448]
DEBUG:python_multipart.multipart:Calling on_part_data with data[0:21720]
DEBUG:python_multipart.multipart:Calling on_part_data with data[0:23168]
DEBUG:python_multipart.multipart:Calling on_part_data with data[0:46336]
DEBUG:python_multipart.multipart:Calling on_part_data with data[0:43440]
DEBUG:python_multipart.multipart:Calling on_part_data with data[0:44888]
DEBUG:python_multipart.multipart:Calling on_part_data with data[0:44888]
DEBUG:python_multipart.multipart:Calling on_part_data with data[0:156384]
DEBUG:python_multipart.multipart:Calling on_part_data with data[0:262144]
DEBUG:python_multipart.multipart:Calling on_part_data with data[0:49176]
DEBUG:python_multipart.multipart:Calling on_part_data with data[0:1448]
DEBUG:python_multipart.multipart:Calling on_part_data with data[0:10136]
DEBUG:python_multipart.multipart:Calling on_part_data with data[0:1448]
DEBUG:python_multipart.multipart:Calling on_part_data with data[0:23168]
DEBUG:python_multipart.multipart:Calling on_part_data with data[0:43440]
DEBUG:python_multipart.multipart:Calling on_part_data with data[0:44888]
DEBUG:python_multipart.multipart:Calling on_part_data with data[0:44888]
DEBUG:python_multipart.multipart:Calling on_part_data with data[0:23168]
DEBUG:python_multipart.multipart:Calling on_part_data with data[0:44888]
DEBUG:python_multipart.multipart:Calling on_part_data with data[0:44888]
DEBUG:python_multipart.multipart:Calling on_part_data with data[0:43440]
DEBUG:python_multipart.multipart:Calling on_part_data with data[0:46336]
DEBUG:python_multipart.multipart:Calling on_part_data with data[0:43440]
DEBUG:python_multipart.multipart:Calling on_part_data with data[0:44888]
DEBUG:python_multipart.multipart:Calling on_part_data with data[0:44888]
DEBUG:python_multipart.multipart:Calling on_part_data with data[0:46336]
DEBUG:python_multipart.multipart:Calling on_part_data with data[0:23168]
DEBUG:python_multipart.multipart:Calling on_part_data with data[0:43440]
DEBUG:python_multipart.multipart:Calling on_part_data with data[0:44888]
DEBUG:python_multipart.multipart:Calling on_part_data with data[0:44888]
DEBUG:python_multipart.multipart:Calling on_part_data with data[0:46336]
DEBUG:python_multipart.multipart:Calling on_part_data with data[0:20272]
DEBUG:python_multipart.multipart:Calling on_part_data with data[0:44888]
DEBUG:python_multipart.multipart:Calling on_part_data with data[0:23168]
DEBUG:python_multipart.multipart:Calling on_part_data with data[0:23168]
DEBUG:python_multipart.multipart:Calling on_part_data with data[0:44888]
DEBUG:python_multipart.multipart:Calling on_part_data with data[0:43440]
DEBUG:python_multipart.multipart:Calling on_part_data with data[0:46336]
DEBUG:python_multipart.multipart:Calling on_part_data with data[0:21720]
DEBUG:python_multipart.multipart:Calling on_part_data with data[0:44888]
DEBUG:python_multipart.multipart:Calling on_part_data with data[0:46336]
DEBUG:python_multipart.multipart:Calling on_part_data with data[0:28960]
DEBUG:python_multipart.multipart:Calling on_part_data with data[0:1448]
DEBUG:python_multipart.multipart:Calling on_part_data with data[0:21720]
DEBUG:python_multipart.multipart:Calling on_part_data with data[0:69504]
DEBUG:python_multipart.multipart:Calling on_part_data with data[0:43440]
DEBUG:python_multipart.multipart:Calling on_part_data with data[0:21720]
DEBUG:python_multipart.multipart:Calling on_part_data with data[0:44888]
DEBUG:python_multipart.multipart:Calling on_part_data with data[0:46336]
DEBUG:python_multipart.multipart:Calling on_part_data with data[0:43440]
DEBUG:python_multipart.multipart:Calling on_part_data with data[0:44888]
DEBUG:python_multipart.multipart:Calling on_part_data with data[0:23168]
DEBUG:python_multipart.multipart:Calling on_part_data with data[0:44888]
DEBUG:python_multipart.multipart:Calling on_part_data with data[0:44888]
DEBUG:python_multipart.multipart:Calling on_part_data with data[0:44888]
DEBUG:python_multipart.multipart:Calling on_part_data with data[0:21720]
DEBUG:python_multipart.multipart:Calling on_part_data with data[0:44888]
DEBUG:python_multipart.multipart:Calling on_part_data with data[0:46336]
DEBUG:python_multipart.multipart:Calling on_part_data with data[0:43440]
DEBUG:python_multipart.multipart:Calling on_part_data with data[0:44888]
DEBUG:python_multipart.multipart:Calling on_part_data with data[0:22967]
DEBUG:python_multipart.multipart:Calling on_part_end with no data
DEBUG:python_multipart.multipart:Calling on_part_begin with no data
DEBUG:python_multipart.multipart:Calling on_header_field with data[23011:23030]
DEBUG:python_multipart.multipart:Calling on_header_value with data[23032:23096]
DEBUG:python_multipart.multipart:Calling on_header_end with no data
DEBUG:python_multipart.multipart:Calling on_header_field with data[23098:23110]
DEBUG:python_multipart.multipart:Calling on_header_value with data[23112:23122]
DEBUG:python_multipart.multipart:Calling on_header_end with no data
DEBUG:python_multipart.multipart:Calling on_headers_finished with no data
DEBUG:python_multipart.multipart:Calling on_part_data with data[23126:44888]
DEBUG:python_multipart.multipart:Calling on_part_data with data[0:262144]
DEBUG:python_multipart.multipart:Calling on_part_data with data[0:262144]
DEBUG:python_multipart.multipart:Calling on_part_data with data[0:82424]
DEBUG:python_multipart.multipart:Calling on_part_data with data[0:21720]
DEBUG:python_multipart.multipart:Calling on_part_data with data[0:68056]
DEBUG:python_multipart.multipart:Calling on_part_data with data[0:44888]
DEBUG:python_multipart.multipart:Calling on_part_data with data[0:66608]
DEBUG:python_multipart.multipart:Calling on_part_data with data[0:44888]
DEBUG:python_multipart.multipart:Calling on_part_data with data[0:68056]
DEBUG:python_multipart.multipart:Calling on_part_data with data[0:46336]
DEBUG:python_multipart.multipart:Calling on_part_data with data[0:65160]
DEBUG:python_multipart.multipart:Calling on_part_data with data[0:104256]
DEBUG:python_multipart.multipart:Calling on_part_data with data[0:1448]
DEBUG:python_multipart.multipart:Calling on_part_data with data[0:21720]
DEBUG:python_multipart.multipart:Calling on_part_data with data[0:21720]
DEBUG:python_multipart.multipart:Calling on_part_data with data[0:46336]
DEBUG:python_multipart.multipart:Calling on_part_data with data[0:23168]
DEBUG:python_multipart.multipart:Calling on_part_data with data[0:36200]
DEBUG:python_multipart.multipart:Calling on_part_data with data[0:1448]
DEBUG:python_multipart.multipart:Calling on_part_data with data[0:21720]
DEBUG:python_multipart.multipart:Calling on_part_data with data[0:44888]
DEBUG:python_multipart.multipart:Calling on_part_data with data[0:43440]
DEBUG:python_multipart.multipart:Calling on_part_data with data[0:44888]
DEBUG:python_multipart.multipart:Calling on_part_data with data[0:23168]
DEBUG:python_multipart.multipart:Calling on_part_data with data[0:44888]
DEBUG:python_multipart.multipart:Calling on_part_data with data[0:23168]
DEBUG:python_multipart.multipart:Calling on_part_data with data[0:43440]
DEBUG:python_multipart.multipart:Calling on_part_data with data[0:44888]
DEBUG:python_multipart.multipart:Calling on_part_data with data[0:44888]
DEBUG:python_multipart.multipart:Calling on_part_data with data[0:46336]
DEBUG:python_multipart.multipart:Calling on_part_data with data[0:43440]
DEBUG:python_multipart.multipart:Calling on_part_data with data[0:23168]
DEBUG:python_multipart.multipart:Calling on_part_data with data[0:44888]
DEBUG:python_multipart.multipart:Calling on_part_data with data[0:44888]
DEBUG:python_multipart.multipart:Calling on_part_data with data[0:46336]
DEBUG:python_multipart.multipart:Calling on_part_data with data[0:43440]
DEBUG:python_multipart.multipart:Calling on_part_data with data[0:21720]
DEBUG:python_multipart.multipart:Calling on_part_data with data[0:44888]
DEBUG:python_multipart.multipart:Calling on_part_data with data[0:46336]
DEBUG:python_multipart.multipart:Calling on_part_data with data[0:43440]
DEBUG:python_multipart.multipart:Calling on_part_data with data[0:44888]
DEBUG:python_multipart.multipart:Calling on_part_data with data[0:23168]
DEBUG:python_multipart.multipart:Calling on_part_data with data[0:44888]
DEBUG:python_multipart.multipart:Calling on_part_data with data[0:46336]
DEBUG:python_multipart.multipart:Calling on_part_data with data[0:2896]
DEBUG:python_multipart.multipart:Calling on_part_data with data[0:1448]
DEBUG:python_multipart.multipart:Calling on_part_data with data[0:21720]
DEBUG:python_multipart.multipart:Calling on_part_data with data[0:44888]
DEBUG:python_multipart.multipart:Calling on_part_data with data[0:21720]
DEBUG:python_multipart.multipart:Calling on_part_data with data[0:46336]
DEBUG:python_multipart.multipart:Calling on_part_data with data[0:43440]
DEBUG:python_multipart.multipart:Calling on_part_data with data[0:44888]
DEBUG:python_multipart.multipart:Calling on_part_data with data[0:44888]
DEBUG:python_multipart.multipart:Calling on_part_data with data[0:46336]
DEBUG:python_multipart.multipart:Calling on_part_data with data[0:23168]
DEBUG:python_multipart.multipart:Calling on_part_data with data[0:43440]
DEBUG:python_multipart.multipart:Calling on_part_data with data[0:44888]
DEBUG:python_multipart.multipart:Calling on_part_data with data[0:21720]
DEBUG:python_multipart.multipart:Calling on_part_data with data[0:46336]
DEBUG:python_multipart.multipart:Calling on_part_data with data[0:43440]
DEBUG:python_multipart.multipart:Calling on_part_data with data[0:44888]
DEBUG:python_multipart.multipart:Calling on_part_data with data[0:44888]
DEBUG:python_multipart.multipart:Calling on_part_data with data[0:46336]
DEBUG:python_multipart.multipart:Calling on_part_data with data[0:43440]
DEBUG:python_multipart.multipart:Calling on_part_data with data[0:44888]
DEBUG:python_multipart.multipart:Calling on_part_data with data[0:44887]
DEBUG:python_multipart.multipart:Calling on_part_data with data[0:1]
DEBUG:python_multipart.multipart:Calling on_part_data with data[0:46336]
DEBUG:python_multipart.multipart:Calling on_part_data with data[0:66608]
DEBUG:python_multipart.multipart:Calling on_part_data with data[0:66608]
DEBUG:python_multipart.multipart:Calling on_part_data with data[0:46336]
DEBUG:python_multipart.multipart:Calling on_part_data with data[0:23168]
DEBUG:python_multipart.multipart:Calling on_part_data with data[0:43440]
DEBUG:python_multipart.multipart:Calling on_part_data with data[0:21720]
DEBUG:python_multipart.multipart:Calling on_part_data with data[0:23168]
DEBUG:python_multipart.multipart:Calling on_part_data with data[0:824]
DEBUG:python_multipart.multipart:Calling on_part_end with no data
DEBUG:python_multipart.multipart:Calling on_part_begin with no data
DEBUG:python_multipart.multipart:Calling on_header_field with data[868:887]
DEBUG:python_multipart.multipart:Calling on_header_value with data[889:955]
DEBUG:python_multipart.multipart:Calling on_header_end with no data
DEBUG:python_multipart.multipart:Calling on_header_field with data[957:969]
DEBUG:python_multipart.multipart:Calling on_header_value with data[971:987]
DEBUG:python_multipart.multipart:Calling on_header_end with no data
DEBUG:python_multipart.multipart:Calling on_headers_finished with no data
DEBUG:python_multipart.multipart:Calling on_part_data with data[991:27512]
DEBUG:python_multipart.multipart:Calling on_part_data with data[0:262144]
DEBUG:python_multipart.multipart:Calling on_part_data with data[0:163568]
DEBUG:python_multipart.multipart:Calling on_part_data with data[0:46336]
DEBUG:python_multipart.multipart:Calling on_part_data with data[0:21720]
DEBUG:python_multipart.multipart:Calling on_part_data with data[0:176]
DEBUG:python_multipart.multipart:Calling on_part_end with no data
DEBUG:python_multipart.multipart:Calling on_part_begin with no data
DEBUG:python_multipart.multipart:Calling on_header_field with data[220:239]
DEBUG:python_multipart.multipart:Calling on_header_value with data[241:301]
DEBUG:python_multipart.multipart:Calling on_header_end with no data
DEBUG:python_multipart.multipart:Calling on_header_field with data[303:315]
DEBUG:python_multipart.multipart:Calling on_header_value with data[317:333]
DEBUG:python_multipart.multipart:Calling on_header_end with no data
DEBUG:python_multipart.multipart:Calling on_headers_finished with no data
DEBUG:python_multipart.multipart:Calling on_part_data with data[337:44888]
DEBUG:python_multipart.multipart:Calling on_part_data with data[0:262144]
DEBUG:python_multipart.multipart:Calling on_part_data with data[0:53520]
DEBUG:python_multipart.multipart:Calling on_part_data with data[0:46336]
DEBUG:python_multipart.multipart:Calling on_part_data with data[0:21720]
DEBUG:python_multipart.multipart:Calling on_part_data with data[0:44888]
DEBUG:python_multipart.multipart:Calling on_part_data with data[0:45324]
DEBUG:python_multipart.multipart:Calling on_part_end with no data
DEBUG:python_multipart.multipart:Calling on_end with no data
INFO:root:Preparing task folder...
INFO:root:Task folder prepared at: api/sweet_suit/temp_process_task_files/upper/20241030180136921587
INFO:root:File saved successfully: api/sweet_suit/temp_process_task_files/upper/20241030180136921587/image_front.jpg
INFO:root:File saved successfully: api/sweet_suit/temp_process_task_files/upper/20241030180136921587/image_side.jpg
INFO:root:File saved successfully: api/sweet_suit/temp_process_task_files/upper/20241030180136921587/depth_front.json
INFO:root:File saved successfully: api/sweet_suit/temp_process_task_files/upper/20241030180136921587/depth_side.json
DEBUG:PIL.PngImagePlugin:STREAM b'IHDR' 16 13
DEBUG:PIL.PngImagePlugin:STREAM b'IDAT' 41 8192
DEBUG:PIL.PngImagePlugin:STREAM b'IHDR' 16 13
DEBUG:PIL.PngImagePlugin:STREAM b'IDAT' 41 8192
ERROR:root:An error occurred: can't multiply sequence by non-int of type 'float'
